Detalles de la partida:
  Modo: BATTLE_ROYALE
  Numero de ronda: 1
  Duracion: 112
  Puntajes:
    BrainV2 8893188: 111
    BrainV2 3127659: 102
    AAA: 78


Detalles de la partida:
  Modo: BATTLE_ROYALE
  Numero de ronda: 1
  Duracion: 448
  Puntajes:
    BrainV3 511823: 6654
    BrainV3 4469228: 170
    AAA: 59


Detalles de la partida:
  Modo: NORMAL
  Numero de ronda: 1
  Duracion: 298
  Puntajes:
    BrainV3 9829651: 4087
    BrainV3 260372: 208
    AAA: 1


Detalles de la partida:
  Modo: NORMAL
  Numero de ronda: 1
  Duracion: 286
  Puntajes:
    BrainV3 6329286: 3841
    BrainV3 4162456: 1243
    AAA: 0


Detalles de la partida:
  Modo: NORMAL
  Numero de ronda: 1
  Duracion: 16
  Puntajes:
    BrainV2 3041078: 20
    BrainV2 9664537: 15
    AAA: 0


Detalles de la partida:
  Modo: NORMAL
  Numero de ronda: 1
  Duracion: 8
  Puntajes:
    BrainV2 8150456: 7
    BrainV2 7525174: 7
    AAA: 5


Detalles de la partida:
  Modo: NORMAL
  Numero de ronda: 1
  Duracion: 18
  Puntajes:
    AAA: 17
    BrainV2 3545469: 8
    BrainV2 4707892: 8


Detalles de la partida:
  Modo: NORMAL
  Numero de ronda: 1
  Duracion: 412
  Puntajes:
    AAA: 544
    BrainV2 236783: 530
    BrainV2 5711575: 0


Detalles de la partida:
  Modo: NORMAL
  Numero de ronda: 1
  Duracion: 1001
  Puntajes:
    AAA: 1001
    BrainV2 5732912: 1001
    BrainV2 9957349: 1001


Detalles de la partida:
  Modo: NORMAL
  Numero de ronda: 1
  Duracion: 572
  Puntajes:
    AAA: 17373
    BrainV3 2464003: 140
    BrainV3 78395: 138


Detalles de la partida:
  Modo: NORMAL
  Numero de ronda: 2
  Duracion: 218
  Puntajes:
    AAA: 17379
    BrainV3 78395: 1814
    BrainV3 2464003: 1626


Detalles de la partida:
  Modo: NORMAL
  Numero de ronda: 3
  Duracion: 267
  Puntajes:
    AAA: 18233
    BrainV3 2464003: 4555
    BrainV3 78395: 2005


Detalles de la partida:
  Modo: NORMAL
  Numero de ronda: 4
  Duracion: 285
  Puntajes:
    AAA: 18486
    BrainV3 78395: 4860
    BrainV3 2464003: 4743


Detalles de la partida:
  Modo: NORMAL
  Numero de ronda: 5
  Duracion: 189
  Puntajes:
    AAA: 18573
    BrainV3 78395: 6577
    BrainV3 2464003: 6083


Detalles de la partida:
  Modo: NORMAL
  Numero de ronda: 1
  Duracion: 161
  Puntajes:
    BrainV3 2708151: 1361
    BrainV3 6960364: 21
    AAA: 17


Detalles de la partida:
  Modo: NORMAL
  Numero de ronda: 2
  Duracion: 1001
  Puntajes:
    AAA: 3001
    BrainV3 6960364: 2015
    BrainV3 2708151: 1460


Detalles de la partida:
  Modo: NORMAL
  Numero de ronda: 3
  Duracion: 272
  Puntajes:
    BrainV3 2708151: 4913
    AAA: 3326
    BrainV3 6960364: 2043


Detalles de la partida:
  Modo: NORMAL
  Numero de ronda: 4
  Duracion: 233
  Puntajes:
    BrainV3 2708151: 7102
    AAA: 3562
    BrainV3 6960364: 3357


Detalles de la partida:
  Modo: NORMAL
  Numero de ronda: 5
  Duracion: 442
  Puntajes:
    BrainV3 2708151: 16669
    AAA: 3563
    BrainV3 6960364: 3459


Detalles de la partida:
  Modo: NORMAL
  Numero de ronda: 1
  Duracion: 1001
  Puntajes:
    BrainV1 9365418: 2234
    AAA: 548
    BrainV1 5541425: 282


Detalles de la partida:
  Modo: NORMAL
  Numero de ronda: 2
  Duracion: 316
  Puntajes:
    AAA: 4986
    BrainV1 9365418: 2705
    BrainV1 5541425: 759


Detalles de la partida:
  Modo: NORMAL
  Numero de ronda: 3
  Duracion: 1001
  Puntajes:
    AAA: 5945
    BrainV1 9365418: 2920
    BrainV1 5541425: 1760


Detalles de la partida:
  Modo: NORMAL
  Numero de ronda: 4
  Duracion: 417
  Puntajes:
    AAA: 15467
    BrainV1 9365418: 3007
    BrainV1 5541425: 1900


Detalles de la partida:
  Modo: NORMAL
  Numero de ronda: 5
  Duracion: 511
  Puntajes:
    AAA: 16017
    BrainV1 9365418: 3517
    BrainV1 5541425: 2616


Detalles de la partida:
  Modo: NORMAL
  Numero de ronda: 1
  Duracion: 170
  Puntajes:
    AAA: 819
    BrainV1 270193: 315
    BrainV1 4982330: 226


Detalles de la partida:
  Modo: NORMAL
  Numero de ronda: 2
  Duracion: 483
  Puntajes:
    AAA: 12026
    BrainV1 4982330: 1258
    BrainV1 270193: 354


Detalles de la partida:
  Modo: NORMAL
  Numero de ronda: 3
  Duracion: 1001
  Puntajes:
    AAA: 13838
    BrainV1 4982330: 4110
    BrainV1 270193: 365


Detalles de la partida:
  Modo: NORMAL
  Numero de ronda: 4
  Duracion: 984
  Puntajes:
    AAA: 19171
    BrainV1 4982330: 7289
    BrainV1 270193: 535


Detalles de la partida:
  Modo: NORMAL
  Numero de ronda: 5
  Duracion: 95
  Puntajes:
    AAA: 19721
    BrainV1 4982330: 7309
    BrainV1 270193: 629


Detalles de la partida:
  Modo: NORMAL
  Numero de ronda: 1
  Duracion: 233
  Puntajes:
    BrainV3 104661: 3065
    AAA: 333
    BrainV3 2501406: 151


Detalles de la partida:
  Modo: NORMAL
  Numero de ronda: 2
  Duracion: 299
  Puntajes:
    BrainV3 104661: 4706
    AAA: 3458
    BrainV3 2501406: 350


Detalles de la partida:
  Modo: NORMAL
  Numero de ronda: 3
  Duracion: 193
  Puntajes:
    BrainV3 104661: 4724
    AAA: 3472
    BrainV3 2501406: 3043


Detalles de la partida:
  Modo: NORMAL
  Numero de ronda: 4
  Duracion: 219
  Puntajes:
    AAA: 5891
    BrainV3 104661: 4746
    BrainV3 2501406: 3139


Detalles de la partida:
  Modo: NORMAL
  Numero de ronda: 5
  Duracion: 249
  Puntajes:
    BrainV3 2501406: 6303
    AAA: 5900
    BrainV3 104661: 4755


Detalles de la partida:
  Modo: NORMAL
  Numero de ronda: 6
  Duracion: 107
  Puntajes:
    AAA: 6526
    BrainV3 2501406: 6443
    BrainV3 104661: 4909


Detalles de la partida:
  Modo: NORMAL
  Numero de ronda: 7
  Duracion: 264
  Puntajes:
    BrainV3 2501406: 9623
    AAA: 6535
    BrainV3 104661: 5010


Detalles de la partida:
  Modo: NORMAL
  Numero de ronda: 8
  Duracion: 221
  Puntajes:
    BrainV3 2501406: 12220
    AAA: 6557
    BrainV3 104661: 5020


Detalles de la partida:
  Modo: NORMAL
  Numero de ronda: 1
  Duracion: 221
  Puntajes:
    BrainV3 8867442: 1955
    AAA: 1469
    BrainV3 4666916: 20


Detalles de la partida:
  Modo: NORMAL
  Numero de ronda: 2
  Duracion: 273
  Puntajes:
    AAA: 4452
    BrainV3 4666916: 2940
    BrainV3 8867442: 2012


Detalles de la partida:
  Modo: NORMAL
  Numero de ronda: 1
  Duracion: 189
  Puntajes:
    AAA: 2019
    BrainV3 5093158: 149
    BrainV3 6022767: 117


Detalles de la partida:
  Modo: NORMAL
  Numero de ronda: 1
  Duracion: 127
  Puntajes:
    AAA: 651
    BrainV3 4745078: 210
    BrainV3 1236189: 6


Detalles de la partida:
  Modo: NORMAL
  Numero de ronda: 2
  Duracion: 217
  Puntajes:
    BrainV3 4745078: 1814
    BrainV3 1236189: 929
    AAA: 674


Detalles de la partida:
  Modo: NORMAL
  Numero de ronda: 3
  Duracion: 337
  Puntajes:
    AAA: 7502
    BrainV3 4745078: 1816
    BrainV3 1236189: 948


Detalles de la partida:
  Modo: NORMAL
  Numero de ronda: 4
  Duracion: 397
  Puntajes:
    BrainV3 4745078: 9113
    AAA: 8124
    BrainV3 1236189: 955


Detalles de la partida:
  Modo: NORMAL
  Numero de ronda: 1
  Duracion: 1001
  Puntajes:
    AAA: 3067
    BrainV1 7226680: 2965
    BrainV1 2048613: 2682


Detalles de la partida:
  Modo: NORMAL
  Numero de ronda: 2
  Duracion: 252
  Puntajes:
    AAA: 6358
    BrainV1 7226680: 3169
    BrainV1 2048613: 2975


Detalles de la partida:
  Modo: NORMAL
  Numero de ronda: 3
  Duracion: 124
  Puntajes:
    AAA: 7319
    BrainV1 7226680: 3275
    BrainV1 2048613: 3048


Detalles de la partida:
  Modo: NORMAL
  Numero de ronda: 4
  Duracion: 247
  Puntajes:
    AAA: 10137
    BrainV1 7226680: 3303
    BrainV1 2048613: 3073


Detalles de la partida:
  Modo: NORMAL
  Numero de ronda: 5
  Duracion: 1001
  Puntajes:
    AAA: 10434
    BrainV1 2048613: 5962
    BrainV1 7226680: 5531


Detalles de la partida:
  Modo: NORMAL
  Numero de ronda: 1
  Duracion: 478
  Puntajes:
    AAA: 11823
    BrainV1 5797087: 43
    BrainV1 2938887: 27


Detalles de la partida:
  Modo: NORMAL
  Numero de ronda: 1
  Duracion: 203
  Puntajes:
    AAA: 2434
    BrainV1 8780648: 195
    BrainV1 4472677: 163


Detalles de la partida:
  Modo: NORMAL
  Numero de ronda: 1
  Duracion: 269
  Puntajes:
    AAA: 1483
    BrainV1 9995139: 426
    BrainV1 3776754: 268


Detalles de la partida:
  Modo: NORMAL
  Numero de ronda: 2
  Duracion: 838
  Puntajes:
    BrainV1 3776754: 4685
    AAA: 1545
    BrainV1 9995139: 489


Detalles de la partida:
  Modo: NORMAL
  Numero de ronda: 3
  Duracion: 1001
  Puntajes:
    BrainV1 3776754: 7167
    AAA: 1573
    BrainV1 9995139: 505


Detalles de la partida:
  Modo: NORMAL
  Numero de ronda: 4
  Duracion: 316
  Puntajes:
    BrainV1 3776754: 7442
    AAA: 7132
    BrainV1 9995139: 750


Detalles de la partida:
  Modo: NORMAL
  Numero de ronda: 1
  Duracion: 51
  Puntajes:
    BrainV1 8974416: 50
    BrainV1 1919980: 50
    AAA: 17


Detalles de la partida:
  Modo: NORMAL
  Numero de ronda: 1
  Duracion: 366
  Puntajes:
    AAA: 6123
    BrainV1 9381099: 1337
    BrainV1 1394678: 135


Detalles de la partida:
  Modo: NORMAL
  Numero de ronda: 1
  Duracion: 401
  Puntajes:
    AAA: 7747
    BrainV1 3052219: 604
    BrainV1 4976935: 156


Detalles de la partida:
  Modo: NORMAL
  Numero de ronda: 1
  Duracion: 1001
  Puntajes:
    AAA: 8460
    BrainV1 6331921: 4472
    BrainV1 5300876: 262


Detalles de la partida:
  Modo: NORMAL
  Numero de ronda: 2
  Duracion: 1001
  Puntajes:
    AAA: 8924
    BrainV1 6331921: 8403
    BrainV1 5300876: 1160


Detalles de la partida:
  Modo: NORMAL
  Numero de ronda: 3
  Duracion: 319
  Puntajes:
    AAA: 14530
    BrainV1 6331921: 8479
    BrainV1 5300876: 1236


Detalles de la partida:
  Modo: NORMAL
  Numero de ronda: 4
  Duracion: 1001
  Puntajes:
    AAA: 14642
    BrainV1 6331921: 9974
    BrainV1 5300876: 1605


Detalles de la partida:
  Modo: NORMAL
  Numero de ronda: 5
  Duracion: 253
  Puntajes:
    AAA: 18398
    BrainV1 6331921: 10081
    BrainV1 5300876: 1712


Detalles de la partida:
  Modo: NORMAL
  Numero de ronda: 1
  Duracion: 101
  Puntajes:
    AAA: 711
    BrainV1 641758: 100
    BrainV1 5059056: 13


Detalles de la partida:
  Modo: NORMAL
  Numero de ronda: 2
  Duracion: 231
  Puntajes:
    AAA: 726
    BrainV1 641758: 432
    BrainV1 5059056: 421


Detalles de la partida:
  Modo: NORMAL
  Numero de ronda: 3
  Duracion: 489
  Puntajes:
    BrainV1 5059056: 1985
    AAA: 732
    BrainV1 641758: 438


Detalles de la partida:
  Modo: NORMAL
  Numero de ronda: 1
  Duracion: 388
  Puntajes:
    AAA: 8441
    BrainV1 7519331: 10
    BrainV1 9901478: 10


Detalles de la partida:
  Modo: NORMAL
  Numero de ronda: 2
  Duracion: 81
  Puntajes:
    AAA: 8469
    BrainV1 7519331: 90
    BrainV1 9901478: 90


Detalles de la partida:
  Modo: NORMAL
  Numero de ronda: 1
  Duracion: 568
  Puntajes:
    AAA: 16163
    BrainV1 594108: 639
    BrainV1 2923867: 442


Detalles de la partida:
  Modo: NORMAL
  Numero de ronda: 2
  Duracion: 1001
  Puntajes:
    AAA: 16263
    BrainV1 594108: 3352
    BrainV1 2923867: 546


Detalles de la partida:
  Modo: NORMAL
  Numero de ronda: 3
  Duracion: 1001
  Puntajes:
    AAA: 17120
    BrainV1 594108: 3474
    BrainV1 2923867: 2473


Detalles de la partida:
  Modo: NORMAL
  Numero de ronda: 4
  Duracion: 335
  Puntajes:
    AAA: 22312
    BrainV1 594108: 3686
    BrainV1 2923867: 2627


Detalles de la partida:
  Modo: NORMAL
  Numero de ronda: 5
  Duracion: 248
  Puntajes:
    AAA: 25186
    BrainV1 594108: 3723
    BrainV1 2923867: 2664


Detalles de la partida:
  Modo: NORMAL
  Numero de ronda: 1
  Duracion: 157
  Puntajes:
    AAA: 1525
    BrainV1 6088048: 0
    BrainV1 8484185: 0


Detalles de la partida:
  Modo: NORMAL
  Numero de ronda: 1
  Duracion: 393
  Puntajes:
    AAA: 8932
    BrainV1 7521651: 154
    BrainV1 6114342: 6


Detalles de la partida:
  Modo: NORMAL
  Numero de ronda: 2
  Duracion: 251
  Puntajes:
    AAA: 12656
    BrainV1 7521651: 370
    BrainV1 6114342: 239


Detalles de la partida:
  Modo: NORMAL
  Numero de ronda: 1
  Duracion: 348
  Puntajes:
    AAA: 2224
    BrainV1 7973524: 948
    BrainV1 7697569: 664


Detalles de la partida:
  Modo: NORMAL
  Numero de ronda: 1
  Duracion: 203
  Puntajes:
    AAA: 2631
    BrainV1 9689188: 13
    BrainV1 2307179: 13


Detalles de la partida:
  Modo: NORMAL
  Numero de ronda: 1
  Duracion: 30
  Puntajes:
    BrainV1 557019: 58
    BrainV1 9664050: 29
    AAA: 12


Detalles de la partida:
  Modo: NORMAL
  Numero de ronda: 1
  Duracion: 322
  Puntajes:
    AAA: 5713
    BrainV1 7330444: 55
    BrainV1 7352431: 45


Detalles de la partida:
  Modo: NORMAL
  Numero de ronda: 1
  Duracion: 252
  Puntajes:
    AAA: 3080
    BrainV1 9323918: 79
    BrainV1 7113124: 79


Detalles de la partida:
  Modo: BATTLE_ROYALE
  Numero de ronda: 1
  Duracion: 586
  Puntajes:
    AAA: 10829
    BrainV2 6573281: 101
    BrainV2 1316547: 58


Detalles de la partida:
  Modo: BATTLE_ROYALE
  Numero de ronda: 2
  Duracion: 299
  Puntajes:
    AAA: 13010
    BrainV2 6573281: 464
    BrainV2 1316547: 155


Detalles de la partida:
  Modo: BATTLE_ROYALE
  Numero de ronda: 3
  Duracion: 545
  Puntajes:
    AAA: 22320
    BrainV2 6573281: 888
    BrainV2 1316547: 357


Detalles de la partida:
  Modo: BATTLE_ROYALE
  Numero de ronda: 1
  Duracion: 379
  Puntajes:
    AAA: 4037
    BrainV2 1863662: 408
    BrainV2 2627408: 195


Detalles de la partida:
  Modo: NORMAL
  Numero de ronda: 1
  Duracion: 1001
  Puntajes:
    BrainV2 7635857: 2950
    AAA: 405
    BrainV2 2860034: 80


Detalles de la partida:
  Modo: NORMAL
  Numero de ronda: 2
  Duracion: 1001
  Puntajes:
    BrainV2 7635857: 4774
    AAA: 2161
    BrainV2 2860034: 1081


Detalles de la partida:
  Modo: NORMAL
  Numero de ronda: 3
  Duracion: 1001
  Puntajes:
    BrainV2 7635857: 7423
    AAA: 5181
    BrainV2 2860034: 1311


Detalles de la partida:
  Modo: NORMAL
  Numero de ronda: 4
  Duracion: 430
  Puntajes:
    AAA: 12832
    BrainV2 7635857: 7866
    BrainV2 2860034: 1449


Detalles de la partida:
  Modo: NORMAL
  Numero de ronda: 5
  Duracion: 1001
  Puntajes:
    AAA: 14760
    BrainV2 7635857: 10497
    BrainV2 2860034: 1867


Detalles de la partida:
  Modo: NORMAL
  Numero de ronda: 1
  Duracion: 1001
  Puntajes:
    AAA: 4023
    BrainV2 673724: 3408
    BrainV2 7682432: 1001


Detalles de la partida:
  Modo: NORMAL
  Numero de ronda: 2
  Duracion: 1001
  Puntajes:
    BrainV2 673724: 5243
    AAA: 5092
    BrainV2 7682432: 2002


Detalles de la partida:
  Modo: NORMAL
  Numero de ronda: 3
  Duracion: 1001
  Puntajes:
    BrainV2 673724: 5246
    AAA: 5095
    BrainV2 7682432: 3003


Detalles de la partida:
  Modo: NORMAL
  Numero de ronda: 4
  Duracion: 1001
  Puntajes:
    AAA: 9793
    BrainV2 673724: 8064
    BrainV2 7682432: 3327


Detalles de la partida:
  Modo: NORMAL
  Numero de ronda: 5
  Duracion: 1001
  Puntajes:
    AAA: 10348
    BrainV2 673724: 10027
    BrainV2 7682432: 4328


Detalles de la partida:
  Modo: NORMAL
  Numero de ronda: 1
  Duracion: 422
  Puntajes:
    BrainV1 1441658: 1328
    AAA: 1070
    BrainV1 6424457: 421


Detalles de la partida:
  Modo: NORMAL
  Numero de ronda: 2
  Duracion: 1001
  Puntajes:
    BrainV1 1441658: 3438
    AAA: 1074
    BrainV1 6424457: 425


Detalles de la partida:
  Modo: NORMAL
  Numero de ronda: 3
  Duracion: 1001
  Puntajes:
    BrainV1 1441658: 9502
    AAA: 1093
    BrainV1 6424457: 444


Detalles de la partida:
  Modo: NORMAL
  Numero de ronda: 1
  Duracion: 395
  Puntajes:
    AAA: 6085
    BrainV1 2323085: 93
    BrainV1 6287120: 93


Detalles de la partida:
  Modo: NORMAL
  Numero de ronda: 2
  Duracion: 393
  Puntajes:
    AAA: 13048
    BrainV1 2323085: 268
    BrainV1 6287120: 268


Detalles de la partida:
  Modo: NORMAL
  Numero de ronda: 3
  Duracion: 155
  Puntajes:
    AAA: 14328
    BrainV1 2323085: 422
    BrainV1 6287120: 331


Detalles de la partida:
  Modo: NORMAL
  Numero de ronda: 4
  Duracion: 230
  Puntajes:
    AAA: 16644
    BrainV1 2323085: 425
    BrainV1 6287120: 334


Detalles de la partida:
  Modo: NORMAL
  Numero de ronda: 1
  Duracion: 250
  Puntajes:
    AAA: 2861
    BrainV1 2430070: 308
    BrainV1 9924382: 148


Detalles de la partida:
  Modo: NORMAL
  Numero de ronda: 1
  Duracion: 756
  Puntajes:
    AAA: 5057
    BrainV1 2077806: 2147
    BrainV1 1311139: 10


Detalles de la partida:
  Modo: NORMAL
  Numero de ronda: 1
  Duracion: 327
  Puntajes:
    AAA: 4200
    BrainV1 468320: 322
    BrainV1 7728052: 31


Detalles de la partida:
  Modo: NORMAL
  Numero de ronda: 1
  Duracion: 422
  Puntajes:
    AAA: 6989
    BrainV1 9792792: 26
    BrainV1 3556330: 21


Detalles de la partida:
  Modo: NORMAL
  Numero de ronda: 1
  Duracion: 367
  Puntajes:
    AAA: 5066
    BrainV1 7659142: 469
    BrainV1 8164672: 275


Detalles de la partida:
  Modo: NORMAL
  Numero de ronda: 1
  Duracion: 824
  Puntajes:
    AAA: 5883
    BrainV1 8347616: 2703
    BrainV1 204531: 1834


Detalles de la partida:
  Modo: NORMAL
  Numero de ronda: 2
  Duracion: 1001
  Puntajes:
    AAA: 14818
    BrainV1 8347616: 4562
    BrainV1 204531: 2780


Detalles de la partida:
  Modo: NORMAL
  Numero de ronda: 3
  Duracion: 1001
  Puntajes:
    AAA: 18720
    BrainV1 8347616: 4597
    BrainV1 204531: 4505


Detalles de la partida:
  Modo: NORMAL
  Numero de ronda: 4
  Duracion: 1001
  Puntajes:
    AAA: 24658
    BrainV1 8347616: 7567
    BrainV1 204531: 4808


Detalles de la partida:
  Modo: NORMAL
  Numero de ronda: 1
  Duracion: 271
  Puntajes:
    BrainV3 6758733: 4081
    GrupoH: 504
    BrainV3 9189857: 12


Detalles de la partida:
  Modo: NORMAL
  Numero de ronda: 2
  Duracion: 393
  Puntajes:
    GrupoH: 5460
    BrainV3 6758733: 4116
    BrainV3 9189857: 72


Detalles de la partida:
  Modo: NORMAL
  Numero de ronda: 3
  Duracion: 383
  Puntajes:
    BrainV3 6758733: 11195
    GrupoH: 5525
    BrainV3 9189857: 367


Detalles de la partida:
  Modo: NORMAL
  Numero de ronda: 4
  Duracion: 117
  Puntajes:
    BrainV3 6758733: 11280
    GrupoH: 5705
    BrainV3 9189857: 990


Detalles de la partida:
  Modo: NORMAL
  Numero de ronda: 5
  Duracion: 388
  Puntajes:
    BrainV3 6758733: 11285
    BrainV3 9189857: 8199
    GrupoH: 6434


Detalles de la partida:
  Modo: NORMAL
  Numero de ronda: 1
  Duracion: 875
  Puntajes:
    BrainV1 841038: 4344
    GrupoH: 2912
    BrainV1 2312525: 2476


Detalles de la partida:
  Modo: NORMAL
  Numero de ronda: 2
  Duracion: 1001
  Puntajes:
    BrainV1 841038: 4404
    BrainV1 2312525: 4305
    GrupoH: 3289


Detalles de la partida:
  Modo: NORMAL
  Numero de ronda: 1
  Duracion: 940
  Puntajes:
    BrainV1 2449183: 1950
    GrupoH: 48
    BrainV1 2173616: 41


Detalles de la partida:
  Modo: NORMAL
  Numero de ronda: 1
  Duracion: 135
  Puntajes:
    GrupoH: 813
    BrainV1 5326335: 6
    BrainV1 9788692: 6


Detalles de la partida:
  Modo: NORMAL
  Numero de ronda: 1
  Duracion: 301
  Puntajes:
    GrupoH: 4104
    BrainV1 2056870: 1
    BrainV1 1237309: 1


Detalles de la partida:
  Modo: NORMAL
  Numero de ronda: 1
  Duracion: 327
  Puntajes:
    GrupoH: 4018
    BrainV1 5500350: 22
    BrainV1 8540815: 22


Detalles de la partida:
  Modo: BATTLE_ROYALE
  Numero de ronda: 1
  Duracion: 754
  Puntajes:
    GrupoH: 7157
    BrainV1 7155620: 1681
    BrainV1 2093880: 1038


Detalles de la partida:
  Modo: NORMAL
  Numero de ronda: 1
  Duracion: 321
  Puntajes:
    GrupoH: 4867
    BrainV1 1680945: 288
    BrainV1 4740486: 4


Detalles de la partida:
  Modo: NORMAL
  Numero de ronda: 1
  Duracion: 295
  Puntajes:
    GrupoH: 3208
    BrainV1 2166122: 281
    BrainV1 720002: 281


Detalles de la partida:
  Modo: NORMAL
  Numero de ronda: 1
  Duracion: 118
  Puntajes:
    GrupoH: 654
    BrainV1 8717030: 2
    BrainV1 4969115: 2


Detalles de la partida:
  Modo: NORMAL
  Numero de ronda: 1
  Duracion: 147
  Puntajes:
    BrainV3 551690: 1036
    BrainV3 3343491: 498
    GrupoH: 9


Detalles de la partida:
  Modo: NORMAL
  Numero de ronda: 1
  Duracion: 340
  Puntajes:
    GrupoH: 3760
    BrainV3 5705326: 963
    BrainV3 2008784: 3


Detalles de la partida:
  Modo: NORMAL
  Numero de ronda: 2
  Duracion: 263
  Puntajes:
    GrupoH: 6155
    BrainV3 5705326: 1664
    BrainV3 2008784: 362


Detalles de la partida:
  Modo: NORMAL
  Numero de ronda: 1
  Duracion: 256
  Puntajes:
    GrupoH: 2719
    BrainV3 6029707: 198
    BrainV3 7972423: 156


Detalles de la partida:
  Modo: NORMAL
  Numero de ronda: 2
  Duracion: 323
  Puntajes:
    GrupoH: 6712
    BrainV3 6029707: 232
    BrainV3 7972423: 203


Detalles de la partida:
  Modo: NORMAL
  Numero de ronda: 3
  Duracion: 275
  Puntajes:
    GrupoH: 9933
    BrainV3 7972423: 255
    BrainV3 6029707: 252


Detalles de la partida:
  Modo: NORMAL
  Numero de ronda: 4
  Duracion: 437
  Puntajes:
    GrupoH: 17631
    BrainV3 7972423: 348
    BrainV3 6029707: 327


Detalles de la partida:
  Modo: NORMAL
  Numero de ronda: 5
  Duracion: 410
  Puntajes:
    GrupoH: 24050
    BrainV3 7972423: 1025
    BrainV3 6029707: 415


Detalles de la partida:
  Modo: NORMAL
  Numero de ronda: 1
  Duracion: 41
  Puntajes:
    GrupoH: 154
    BrainV3 1931664: 75
    BrainV3 1303874: 8


Detalles de la partida:
  Modo: NORMAL
  Numero de ronda: 1
  Duracion: 232
  Puntajes:
    BrainV3 2962719: 2502
    BrainV3 6945245: 103
    GrupoH: 0


Detalles de la partida:
  Modo: NORMAL
  Numero de ronda: 1
  Duracion: 237
  Puntajes:
    GrupoH: 2404
    BrainV3 4548228: 81
    BrainV3 2790948: 68


Detalles de la partida:
  Modo: NORMAL
  Numero de ronda: 1
  Duracion: 412
  Puntajes:
    GrupoH: 5447
    BrainV3 4663589: 392
    BrainV3 945931: 103


Detalles de la partida:
  Modo: NORMAL
  Numero de ronda: 1
  Duracion: 419
  Puntajes:
    GrupoH: 4557
    BrainV3 7662551: 1355
    BrainV3 7452866: 525


Detalles de la partida:
  Modo: NORMAL
  Numero de ronda: 2
  Duracion: 272
  Puntajes:
    GrupoH: 7542
    BrainV3 7662551: 1466
    BrainV3 7452866: 593


Detalles de la partida:
  Modo: NORMAL
  Numero de ronda: 3
  Duracion: 266
  Puntajes:
    GrupoH: 7570
    BrainV3 7452866: 3978
    BrainV3 7662551: 1925


Detalles de la partida:
  Modo: NORMAL
  Numero de ronda: 1
  Duracion: 220
  Puntajes:
    GrupoH: 1716
    BrainV3 4411757: 74
    BrainV3 9169799: 44


Detalles de la partida:
  Modo: NORMAL
  Numero de ronda: 1
  Duracion: 270
  Puntajes:
    GrupoH: 2304
    BrainV3 8801476: 219
    BrainV3 5676935: 8


Detalles de la partida:
  Modo: NORMAL
  Numero de ronda: 1
  Duracion: 494
  Puntajes:
    GrupoH: 9443
    BrainV3 3025843: 409
    BrainV3 459810: 27


Detalles de la partida:
  Modo: NORMAL
  Numero de ronda: 1
  Duracion: 408
  Puntajes:
    GrupoH: 5511
    BrainV3 5942490: 1007
    BrainV3 9336304: 25


Detalles de la partida:
  Modo: NORMAL
  Numero de ronda: 1
  Duracion: 353
  Puntajes:
    GrupoH: 4790
    BrainV3 6004120: 881
    BrainV3 8365378: 105


Detalles de la partida:
  Modo: NORMAL
  Numero de ronda: 1
  Duracion: 183
  Puntajes:
    BrainV3 7627485: 1480
    AAA: 881
    BrainV3 4409150: 401


Detalles de la partida:
  Modo: NORMAL
  Numero de ronda: 1
  Duracion: 19
  Puntajes:
    BrainV2 529532: 18
    BrainV2 9318085: 18
    Equipo H: 1


Detalles de la partida:
  Modo: NORMAL
  Numero de ronda: 1
  Duracion: 11
  Puntajes:
    Equipo H: 10
    BrainV2 7823949: 8
    BrainV2 6782271: 8


Detalles de la partida:
  Modo: NORMAL
  Numero de ronda: 1
  Duracion: 55
  Puntajes:
    Equipo H: 147
    BrainV2 8056572: 8
    BrainV2 2709868: 8


Detalles de la partida:
  Modo: NORMAL
  Numero de ronda: 1
  Duracion: 10
  Puntajes:
    Equipo H: 9
    BrainV2 3148645: 7
    BrainV2 8765313: 7


Detalles de la partida:
  Modo: NORMAL
  Numero de ronda: 1
  Duracion: 9
  Puntajes:
    BrainV2 4495741: 8
    BrainV2 8362004: 8
    Equipo H: 0


Detalles de la partida:
  Modo: NORMAL
  Numero de ronda: 1
  Duracion: 369
  Puntajes:
    Equipo H: 6061
    BrainV2 8498151: 15
    BrainV2 5401313: 15


Detalles de la partida:
  Modo: NORMAL
  Numero de ronda: 1
  Duracion: 13
  Puntajes:
    Equipo H: 12
    BrainV2 5826897: 6
    BrainV2 8255779: 6


Detalles de la partida:
  Modo: NORMAL
  Numero de ronda: 1
  Duracion: 284
  Puntajes:
    Equipo H: 3700
    BrainV2 256517: 10
    BrainV2 4097560: 10


Detalles de la partida:
  Modo: NORMAL
  Numero de ronda: 1
  Duracion: 8
  Puntajes:
    BrainV2 2520299: 7
    BrainV2 5949728: 7
    Equipo H: 0


Detalles de la partida:
  Modo: NORMAL
  Numero de ronda: 1
  Duracion: 336
  Puntajes:
    Equipo H: 4815
    BrainV2 6372722: 8
    BrainV2 8197811: 8


Detalles de la partida:
  Modo: NORMAL
  Numero de ronda: 1
  Duracion: 13
  Puntajes:
    BrainV2 3507690: 12
    BrainV2 9017587: 12
    Equipo H: 9


Detalles de la partida:
  Modo: NORMAL
  Numero de ronda: 1
  Duracion: 18
  Puntajes:
    BrainV2 2058482: 17
    BrainV2 6519856: 17
    Equipo H: 3


Detalles de la partida:
  Modo: NORMAL
  Numero de ronda: 1
  Duracion: 182
  Puntajes:
    Equipo H: 1465
    BrainV2 9139395: 432
    BrainV2 5953340: 421


Detalles de la partida:
  Modo: NORMAL
  Numero de ronda: 1
  Duracion: 245
  Puntajes:
    Equipo H: 2489
    BrainV2 6757151: 298
    BrainV2 5309538: 188


Detalles de la partida:
  Modo: NORMAL
  Numero de ronda: 1
  Duracion: 399
  Puntajes:
    Equipo H: 7514
    BrainV2 5450701: 25
    BrainV2 795112: 2


Detalles de la partida:
  Modo: NORMAL
  Numero de ronda: 1
  Duracion: 535
  Puntajes:
    Equipo H: 13371
    BrainV2 4012415: 489
    BrainV2 990886: 72


Detalles de la partida:
  Modo: NORMAL
  Numero de ronda: 1
  Duracion: 13
  Puntajes:
    BrainV2 6977960: 12
    BrainV2 2207716: 12
    Equipo H: 1


Detalles de la partida:
  Modo: NORMAL
  Numero de ronda: 1
  Duracion: 488
  Puntajes:
    Equipo H: 10306
    BrainV2 9899451: 1366
    BrainV2 9613538: 192


Detalles de la partida:
  Modo: NORMAL
  Numero de ronda: 1
  Duracion: 12
  Puntajes:
    BrainV2 4896460: 11
    BrainV2 2921791: 11
    Equipo H: 9


Detalles de la partida:
  Modo: NORMAL
  Numero de ronda: 1
  Duracion: 294
  Puntajes:
    Equipo H: 4233
    BrainV2 6613939: 473
    BrainV2 7691755: 212


Detalles de la partida:
  Modo: NORMAL
  Numero de ronda: 1
  Duracion: 256
  Puntajes:
    Equipo H: 3437
    BrainV2 977478: 374
    BrainV2 8523282: 127


Detalles de la partida:
  Modo: NORMAL
  Numero de ronda: 1
  Duracion: 328
  Puntajes:
    Equipo H: 4870
    BrainV2 2493336: 353
    BrainV2 484272: 230


Detalles de la partida:
  Modo: NORMAL
  Numero de ronda: 1
  Duracion: 285
  Puntajes:
    Equipo H: 4042
    BrainV2 5239191: 48
    BrainV2 8179377: 25


Detalles de la partida:
  Modo: NORMAL
  Numero de ronda: 1
  Duracion: 10
  Puntajes:
    Equipo H: 9
    BrainV2 4805635: 4
    BrainV2 1737108: 4


Detalles de la partida:
  Modo: NORMAL
  Numero de ronda: 1
  Duracion: 238
  Puntajes:
    Equipo H: 2977
    BrainV2 5768340: 1
    BrainV2 7973617: 1


Detalles de la partida:
  Modo: NORMAL
  Numero de ronda: 1
  Duracion: 139
  Puntajes:
    Equipo H: 138
    BrainV2 6946716: 138
    BrainV2 1320314: 67


Detalles de la partida:
  Modo: NORMAL
  Numero de ronda: 1
  Duracion: 358
  Puntajes:
    BrainV3 4106166: 4436
    Equipo H: 1004
    BrainV3 7436600: 493


Detalles de la partida:
  Modo: NORMAL
  Numero de ronda: 2
  Duracion: 159
  Puntajes:
    BrainV3 4106166: 5101
    Equipo H: 1521
    BrainV3 7436600: 946


Detalles de la partida:
  Modo: NORMAL
  Numero de ronda: 3
  Duracion: 318
  Puntajes:
    BrainV3 4106166: 5541
    Equipo H: 5214
    BrainV3 7436600: 1183


Detalles de la partida:
  Modo: NORMAL
  Numero de ronda: 4
  Duracion: 335
  Puntajes:
    BrainV3 7436600: 7818
    BrainV3 4106166: 5562
    Equipo H: 5507


Detalles de la partida:
  Modo: NORMAL
  Numero de ronda: 5
  Duracion: 90
  Puntajes:
    BrainV3 7436600: 7876
    BrainV3 4106166: 5867
    Equipo H: 5818


Detalles de la partida:
  Modo: NORMAL
  Numero de ronda: 1
  Duracion: 341
  Puntajes:
    Equipo H: 4930
    BrainV3 6534838: 512
    BrainV3 8536706: 105


Detalles de la partida:
  Modo: NORMAL
  Numero de ronda: 1
  Duracion: 426
  Puntajes:
    Equipo H: 10403
    BrainV2 9537480: 8
    BrainV2 2255685: 8


Detalles de la partida:
  Modo: NORMAL
  Numero de ronda: 1
  Duracion: 149
  Puntajes:
    Equipo H: 1291
    BrainV2 1039256: 5
    BrainV2 8628581: 5


Detalles de la partida:
  Modo: NORMAL
  Numero de ronda: 1
  Duracion: 195
  Puntajes:
    Equipo H: 1981
    BrainV2 1783345: 242
    BrainV2 7135914: 198


Detalles de la partida:
  Modo: NORMAL
  Numero de ronda: 1
  Duracion: 349
  Puntajes:
    Equipo H: 6729
    BrainV2 3856207: 1032
    BrainV2 3498680: 245


Detalles de la partida:
  Modo: BATTLE_ROYALE
  Numero de ronda: 1
  Duracion: 570
  Puntajes:
    Equipo H: 10503
    BrainV2 7079379: 98
    BrainV2 8164818: 58


Detalles de la partida:
  Modo: BATTLE_ROYALE
  Numero de ronda: 1
  Duracion: 564
  Puntajes:
    BrainV3 4730115: 7129
    Equipo H: 2514
    BrainV3 2280277: 866


Detalles de la partida:
  Modo: BATTLE_ROYALE
  Numero de ronda: 2
  Duracion: 405
  Puntajes:
    BrainV3 4730115: 7543
    Equipo H: 5545
    BrainV3 2280277: 2234


Detalles de la partida:
  Modo: BATTLE_ROYALE
  Numero de ronda: 3
  Duracion: 591
  Puntajes:
    Equipo H: 14717
    BrainV3 4730115: 13215
    BrainV3 2280277: 2421


Detalles de la partida:
  Modo: BATTLE_ROYALE
  Numero de ronda: 4
  Duracion: 275
  Puntajes:
    Equipo H: 15838
    BrainV3 4730115: 13284
    BrainV3 2280277: 4202


Detalles de la partida:
  Modo: BATTLE_ROYALE
  Numero de ronda: 5
  Duracion: 512
  Puntajes:
    Equipo H: 22043
    BrainV3 4730115: 14069
    BrainV3 2280277: 4439


Detalles de la partida:
  Modo: BATTLE_ROYALE
  Numero de ronda: 1
  Duracion: 539
  Puntajes:
    Equipo H: 6308
    BrainV3 2640933: 944
    BrainV3 2033262: 880


Detalles de la partida:
  Modo: BATTLE_ROYALE
  Numero de ronda: 2
  Duracion: 539
  Puntajes:
    Equipo H: 8368
    BrainV3 2033262: 6588
    BrainV3 2640933: 971


Detalles de la partida:
  Modo: BATTLE_ROYALE
  Numero de ronda: 3
  Duracion: 585
  Puntajes:
    Equipo H: 12088
    BrainV3 2033262: 12031
    BrainV3 2640933: 1564


Detalles de la partida:
  Modo: BATTLE_ROYALE
  Numero de ronda: 4
  Duracion: 589
  Puntajes:
    Equipo H: 13022
    BrainV3 2033262: 12853
    BrainV3 2640933: 11863


Detalles de la partida:
  Modo: BATTLE_ROYALE
  Numero de ronda: 5
  Duracion: 659
  Puntajes:
    Equipo H: 20193
    BrainV3 2033262: 17620
    BrainV3 2640933: 11894


Detalles de la partida:
  Modo: BATTLE_ROYALE
  Numero de ronda: 1
  Duracion: 392
  Puntajes:
    Equipo H: 2918
    BrainV3 561091: 2146
    BrainV3 3713028: 52


Detalles de la partida:
  Modo: BATTLE_ROYALE
  Numero de ronda: 2
  Duracion: 316
  Puntajes:
    BrainV3 561091: 4280
    Equipo H: 3346
    BrainV3 3713028: 1007


Detalles de la partida:
  Modo: BATTLE_ROYALE
  Numero de ronda: 3
  Duracion: 179
  Puntajes:
    BrainV3 561091: 4843
    Equipo H: 4161
    BrainV3 3713028: 1194


Detalles de la partida:
  Modo: BATTLE_ROYALE
  Numero de ronda: 4
  Duracion: 377
  Puntajes:
    BrainV3 561091: 7711
    Equipo H: 4484
    BrainV3 3713028: 2635


Detalles de la partida:
  Modo: NORMAL
  Numero de ronda: 1
  Duracion: 236
  Puntajes:
    Equipo H: 1719
    BrainV3 6533396: 311
    BrainV3 79800: 126


Detalles de la partida:
  Modo: NORMAL
  Numero de ronda: 2
  Duracion: 311
  Puntajes:
    BrainV3 6533396: 4547
    Equipo H: 1740
    BrainV3 79800: 152


Detalles de la partida:
  Modo: NORMAL
  Numero de ronda: 3
  Duracion: 400
  Puntajes:
    Equipo H: 8358
    BrainV3 6533396: 4759
    BrainV3 79800: 490


Detalles de la partida:
  Modo: NORMAL
  Numero de ronda: 4
  Duracion: 257
  Puntajes:
    Equipo H: 8488
    BrainV3 6533396: 6050
    BrainV3 79800: 3262


Detalles de la partida:
  Modo: NORMAL
  Numero de ronda: 5
  Duracion: 223
  Puntajes:
    Equipo H: 8595
    BrainV3 6533396: 6285
    BrainV3 79800: 5835


Detalles de la partida:
  Modo: NORMAL
  Numero de ronda: 6
  Duracion: 351
  Puntajes:
    BrainV3 6533396: 11429
    Equipo H: 8965
    BrainV3 79800: 6268


Detalles de la partida:
  Modo: NORMAL
  Numero de ronda: 1
  Duracion: 263
  Puntajes:
    Equipo H: 2568
    BrainV3 1293155: 622
    BrainV3 5436951: 51


Detalles de la partida:
  Modo: NORMAL
  Numero de ronda: 2
  Duracion: 257
  Puntajes:
    Equipo H: 5418
    BrainV3 1293155: 1419
    BrainV3 5436951: 1360


Detalles de la partida:
  Modo: NORMAL
  Numero de ronda: 1
  Duracion: 129
  Puntajes:
    Equipo H: 611
    BrainV3 1355051: 439
    BrainV3 7124751: 74


Detalles de la partida:
  Modo: NORMAL
  Numero de ronda: 1
  Duracion: 336
  Puntajes:
    Equipo H: 4945
    BrainV3 1718159: 811
    BrainV3 1112118: 9


Detalles de la partida:
  Modo: NORMAL
  Numero de ronda: 1
  Duracion: 308
  Puntajes:
    Equipo H: 4163
    BrainV1 5008114: 99
    BrainV1 8740677: 71


Detalles de la partida:
  Modo: NORMAL
  Numero de ronda: 2
  Duracion: 238
  Puntajes:
    Equipo H: 6592
    BrainV1 5008114: 537
    BrainV1 8740677: 474


Detalles de la partida:
  Modo: NORMAL
  Numero de ronda: 1
  Duracion: 151
  Puntajes:
    Equipo H: 1100
    BrainV1 6217966: 284
    BrainV1 4724306: 37


